<?xml version="1.0" encoding="UTF-8"?>
<testsuite xmlns:xsi="http://www.w3.org/2001/XMLSchema-instance" xsi:noNamespaceSchemaLocation="https://maven.apache.org/surefire/maven-surefire-plugin/xsd/surefire-test-report-3.0.xsd" version="3.0" name="TestSuite" time="12.573" tests="7" errors="0" skipped="0" failures="0">
  <properties>
    <property name="java.specification.version" value="17"/>
    <property name="sun.cpu.isalist" value="amd64"/>
    <property name="sun.jnu.encoding" value="Cp1252"/>
    <property name="java.class.path" value="D:\Frameworks\APIAutomation\target\test-classes;D:\Frameworks\APIAutomation\target\classes;C:\Users\DE03358\.m2\repository\org\testng\testng\7.8.0\testng-7.8.0.jar;C:\Users\DE03358\.m2\repository\org\slf4j\slf4j-api\1.7.36\slf4j-api-1.7.36.jar;C:\Users\DE03358\.m2\repository\com\beust\jcommander\1.82\jcommander-1.82.jar;C:\Users\DE03358\.m2\repository\org\webjars\jquery\3.6.1\jquery-3.6.1.jar;C:\Users\DE03358\.m2\repository\io\rest-assured\rest-assured\5.3.2\rest-assured-5.3.2.jar;C:\Users\DE03358\.m2\repository\org\apache\groovy\groovy\4.0.11\groovy-4.0.11.jar;C:\Users\DE03358\.m2\repository\org\apache\groovy\groovy-xml\4.0.11\groovy-xml-4.0.11.jar;C:\Users\DE03358\.m2\repository\org\apache\httpcomponents\httpclient\4.5.13\httpclient-4.5.13.jar;C:\Users\DE03358\.m2\repository\org\apache\httpcomponents\httpcore\4.4.13\httpcore-4.4.13.jar;C:\Users\DE03358\.m2\repository\commons-logging\commons-logging\1.2\commons-logging-1.2.jar;C:\Users\DE03358\.m2\repository\commons-codec\commons-codec\1.11\commons-codec-1.11.jar;C:\Users\DE03358\.m2\repository\org\apache\httpcomponents\httpmime\4.5.13\httpmime-4.5.13.jar;C:\Users\DE03358\.m2\repository\org\hamcrest\hamcrest\2.2\hamcrest-2.2.jar;C:\Users\DE03358\.m2\repository\org\ccil\cowan\tagsoup\tagsoup\1.2.1\tagsoup-1.2.1.jar;C:\Users\DE03358\.m2\repository\io\rest-assured\json-path\5.3.2\json-path-5.3.2.jar;C:\Users\DE03358\.m2\repository\org\apache\groovy\groovy-json\4.0.11\groovy-json-4.0.11.jar;C:\Users\DE03358\.m2\repository\io\rest-assured\rest-assured-common\5.3.2\rest-assured-common-5.3.2.jar;C:\Users\DE03358\.m2\repository\io\rest-assured\xml-path\5.3.2\xml-path-5.3.2.jar;C:\Users\DE03358\.m2\repository\org\projectlombok\lombok\1.18.28\lombok-1.18.28.jar;C:\Users\DE03358\.m2\repository\com\github\javafaker\javafaker\1.0.2\javafaker-1.0.2.jar;C:\Users\DE03358\.m2\repository\org\apache\commons\commons-lang3\3.5\commons-lang3-3.5.jar;C:\Users\DE03358\.m2\repository\org\yaml\snakeyaml\1.23\snakeyaml-1.23-android.jar;C:\Users\DE03358\.m2\repository\com\github\mifmif\generex\1.0.2\generex-1.0.2.jar;C:\Users\DE03358\.m2\repository\dk\brics\automaton\automaton\1.11-8\automaton-1.11-8.jar;C:\Users\DE03358\.m2\repository\commons-io\commons-io\2.14.0\commons-io-2.14.0.jar;C:\Users\DE03358\.m2\repository\com\googlecode\json-simple\json-simple\1.1.1\json-simple-1.1.1.jar;C:\Users\DE03358\.m2\repository\junit\junit\4.10\junit-4.10.jar;C:\Users\DE03358\.m2\repository\org\hamcrest\hamcrest-core\1.1\hamcrest-core-1.1.jar;C:\Users\DE03358\.m2\repository\com\fasterxml\jackson\core\jackson-databind\2.15.2\jackson-databind-2.15.2.jar;C:\Users\DE03358\.m2\repository\com\fasterxml\jackson\core\jackson-annotations\2.15.2\jackson-annotations-2.15.2.jar;C:\Users\DE03358\.m2\repository\com\fasterxml\jackson\core\jackson-core\2.15.2\jackson-core-2.15.2.jar;"/>
    <property name="java.vm.vendor" value="Oracle Corporation"/>
    <property name="sun.arch.data.model" value="64"/>
    <property name="user.variant" value=""/>
    <property name="java.vendor.url" value="https://java.oracle.com/"/>
    <property name="user.timezone" value="Australia/Brisbane"/>
    <property name="os.name" value="Windows Server 2019"/>
    <property name="java.vm.specification.version" value="17"/>
    <property name="sun.java.launcher" value="SUN_STANDARD"/>
    <property name="user.country" value="AU"/>
    <property name="sun.boot.library.path" value="C:\Program Files\Java\jdk-17\bin"/>
    <property name="sun.java.command" value="C:\Users\DE03358\AppData\Local\Temp\2\surefire17080214967617143493\surefirebooter-20231021233250780_3.jar C:\Users\DE03358\AppData\Local\Temp\2\surefire17080214967617143493 2023-10-21T23-32-48_588-jvmRun1 surefire-20231021233250780_1tmp surefire_0-20231021233250780_2tmp"/>
    <property name="jdk.debug" value="release"/>
    <property name="surefire.test.class.path" value="D:\Frameworks\APIAutomation\target\test-classes;D:\Frameworks\APIAutomation\target\classes;C:\Users\DE03358\.m2\repository\org\testng\testng\7.8.0\testng-7.8.0.jar;C:\Users\DE03358\.m2\repository\org\slf4j\slf4j-api\1.7.36\slf4j-api-1.7.36.jar;C:\Users\DE03358\.m2\repository\com\beust\jcommander\1.82\jcommander-1.82.jar;C:\Users\DE03358\.m2\repository\org\webjars\jquery\3.6.1\jquery-3.6.1.jar;C:\Users\DE03358\.m2\repository\io\rest-assured\rest-assured\5.3.2\rest-assured-5.3.2.jar;C:\Users\DE03358\.m2\repository\org\apache\groovy\groovy\4.0.11\groovy-4.0.11.jar;C:\Users\DE03358\.m2\repository\org\apache\groovy\groovy-xml\4.0.11\groovy-xml-4.0.11.jar;C:\Users\DE03358\.m2\repository\org\apache\httpcomponents\httpclient\4.5.13\httpclient-4.5.13.jar;C:\Users\DE03358\.m2\repository\org\apache\httpcomponents\httpcore\4.4.13\httpcore-4.4.13.jar;C:\Users\DE03358\.m2\repository\commons-logging\commons-logging\1.2\commons-logging-1.2.jar;C:\Users\DE03358\.m2\repository\commons-codec\commons-codec\1.11\commons-codec-1.11.jar;C:\Users\DE03358\.m2\repository\org\apache\httpcomponents\httpmime\4.5.13\httpmime-4.5.13.jar;C:\Users\DE03358\.m2\repository\org\hamcrest\hamcrest\2.2\hamcrest-2.2.jar;C:\Users\DE03358\.m2\repository\org\ccil\cowan\tagsoup\tagsoup\1.2.1\tagsoup-1.2.1.jar;C:\Users\DE03358\.m2\repository\io\rest-assured\json-path\5.3.2\json-path-5.3.2.jar;C:\Users\DE03358\.m2\repository\org\apache\groovy\groovy-json\4.0.11\groovy-json-4.0.11.jar;C:\Users\DE03358\.m2\repository\io\rest-assured\rest-assured-common\5.3.2\rest-assured-common-5.3.2.jar;C:\Users\DE03358\.m2\repository\io\rest-assured\xml-path\5.3.2\xml-path-5.3.2.jar;C:\Users\DE03358\.m2\repository\org\projectlombok\lombok\1.18.28\lombok-1.18.28.jar;C:\Users\DE03358\.m2\repository\com\github\javafaker\javafaker\1.0.2\javafaker-1.0.2.jar;C:\Users\DE03358\.m2\repository\org\apache\commons\commons-lang3\3.5\commons-lang3-3.5.jar;C:\Users\DE03358\.m2\repository\org\yaml\snakeyaml\1.23\snakeyaml-1.23-android.jar;C:\Users\DE03358\.m2\repository\com\github\mifmif\generex\1.0.2\generex-1.0.2.jar;C:\Users\DE03358\.m2\repository\dk\brics\automaton\automaton\1.11-8\automaton-1.11-8.jar;C:\Users\DE03358\.m2\repository\commons-io\commons-io\2.14.0\commons-io-2.14.0.jar;C:\Users\DE03358\.m2\repository\com\googlecode\json-simple\json-simple\1.1.1\json-simple-1.1.1.jar;C:\Users\DE03358\.m2\repository\junit\junit\4.10\junit-4.10.jar;C:\Users\DE03358\.m2\repository\org\hamcrest\hamcrest-core\1.1\hamcrest-core-1.1.jar;C:\Users\DE03358\.m2\repository\com\fasterxml\jackson\core\jackson-databind\2.15.2\jackson-databind-2.15.2.jar;C:\Users\DE03358\.m2\repository\com\fasterxml\jackson\core\jackson-annotations\2.15.2\jackson-annotations-2.15.2.jar;C:\Users\DE03358\.m2\repository\com\fasterxml\jackson\core\jackson-core\2.15.2\jackson-core-2.15.2.jar;"/>
    <property name="sun.cpu.endian" value="little"/>
    <property name="user.home" value="C:\Users\DE03358"/>
    <property name="user.language" value="en"/>
    <property name="java.specification.vendor" value="Oracle Corporation"/>
    <property name="java.version.date" value="2023-04-18"/>
    <property name="java.home" value="C:\Program Files\Java\jdk-17"/>
    <property name="file.separator" value="\"/>
    <property name="basedir" value="D:\Frameworks\APIAutomation"/>
    <property name="java.vm.compressedOopsMode" value="Zero based"/>
    <property name="line.separator" value="&#10;"/>
    <property name="java.vm.specification.vendor" value="Oracle Corporation"/>
    <property name="java.specification.name" value="Java Platform API Specification"/>
    <property name="surefire.real.class.path" value="C:\Users\DE03358\AppData\Local\Temp\2\surefire17080214967617143493\surefirebooter-20231021233250780_3.jar"/>
    <property name="user.script" value=""/>
    <property name="sun.management.compiler" value="HotSpot 64-Bit Tiered Compilers"/>
    <property name="java.runtime.version" value="17.0.7+8-LTS-224"/>
    <property name="user.name" value="DE03358"/>
    <property name="path.separator" value=";"/>
    <property name="os.version" value="10.0"/>
    <property name="java.runtime.name" value="Java(TM) SE Runtime Environment"/>
    <property name="file.encoding" value="Cp1252"/>
    <property name="java.vm.name" value="Java HotSpot(TM) 64-Bit Server VM"/>
    <property name="localRepository" value="C:\Users\DE03358\.m2\repository"/>
    <property name="java.vendor.url.bug" value="https://bugreport.java.com/bugreport/"/>
    <property name="java.io.tmpdir" value="C:\Users\DE03358\AppData\Local\Temp\2\"/>
    <property name="java.version" value="17.0.7"/>
    <property name="user.dir" value="D:\Frameworks\APIAutomation"/>
    <property name="os.arch" value="amd64"/>
    <property name="java.vm.specification.name" value="Java Virtual Machine Specification"/>
    <property name="sun.os.patch.level" value=""/>
    <property name="native.encoding" value="Cp1252"/>
    <property name="java.library.path" value="C:\Program Files\Java\jdk-17\bin;C:\Windows\Sun\Java\bin;C:\Windows\system32;C:\Windows;C:\Program Files\Git\mingw64\bin;C:\Program Files\Git\usr\bin;C:\Users\DE03358\bin;C:\Program Files\Common Files\Oracle\Java\javapath;C:\Windows\system32;C:\Windows;C:\Windows\System32\Wbem;C:\Windows\System32\WindowsPowerShell\v1.0;C:\Windows\System32\OpenSSH;C:\Program Files\Amazon\cfn-bootstrap;C:\Program Files\Puppet Labs\Puppet\bin;C:\Program Files\dotnet;C:\Program Files (x86)\Microsoft SQL Server\150\DTS\Binn;C:\Program Files\Azure Data Studio\bin;C:\Program Files\Git\cmd;C:\Users\DE03358\AppData\Local\Microsoft\WindowsApps;C:\Program Files\Java\jdk-17\bin;D:\Software\apache-maven-3.9.3\bin;D:\Software\allure-2.23.0\bin;."/>
    <property name="java.vm.info" value="mixed mode, sharing"/>
    <property name="java.vendor" value="Oracle Corporation"/>
    <property name="java.vm.version" value="17.0.7+8-LTS-224"/>
    <property name="sun.io.unicode.encoding" value="UnicodeLittle"/>
    <property name="java.class.version" value="61.0"/>
  </properties>
  <testcase name="addNewPet" classname="io.petstore.PetTests" time="3.127">
    <system-out><![CDATA[Request method:	POST
Request URI:	https://petstore.swagger.io/v2/pet
Proxy:			<none>
Request params:	<none>
Query params:	<none>
Form params:	<none>
Path params:	<none>
Headers:		Accept=*/*
				Content-Type=application/json
Cookies:		<none>
Multiparts:		<none>
Body:
{
    "id": "31540",
    "category": {
        "id": 1,
        "name": "dogs"
    },
    "name": "My pet",
    "photoUrls": [
        "https://www.tesco.ie/groceries/MarketingContent/Sites/Retail/superstore/Online/P/i/departments/2016/Pets/1BC.jpg"
    ],
    "tags": [
        {
            "id": 1,
            "name": "golden-retriever"
        }
    ],
    "status": "available"
}
{
    "id": 31540,
    "category": {
        "id": 1,
        "name": "dogs"
    },
    "name": "My pet",
    "photoUrls": [
        "https://www.tesco.ie/groceries/MarketingContent/Sites/Retail/superstore/Online/P/i/departments/2016/Pets/1BC.jpg"
    ],
    "tags": [
        {
            "id": 1,
            "name": "golden-retriever"
        }
    ],
    "status": "available"
}
---- Request ---
<pre>Request method:	POST<br>Request URI:	https://petstore.swagger.io/v2/pet<br>Proxy:			<none><br>Request params:	<none><br>Query params:	<none><br>Form params:	<none><br>Path params:	<none><br>Headers:		Accept=*/*<br>				Content-Type=application/json<br>Cookies:		<none><br>Multiparts:		<none><br>Body:<br>{<br>    "id": "31540",<br>    "category": {<br>        "id": 1,<br>        "name": "dogs"<br>    },<br>    "name": "My pet",<br>    "photoUrls": [<br>        "https://www.tesco.ie/groceries/MarketingContent/Sites/Retail/superstore/Online/P/i/departments/2016/Pets/1BC.jpg"<br>    ],<br>    "tags": [<br>        {<br>            "id": 1,<br>            "name": "golden-retriever"<br>        }<br>    ],<br>    "status": "available"<br>}<br></pre>
---- Response ---
<pre>{<br>    "id": 31540,<br>    "category": {<br>        "id": 1,<br>        "name": "dogs"<br>    },<br>    "name": "My pet",<br>    "photoUrls": [<br>        "https://www.tesco.ie/groceries/MarketingContent/Sites/Retail/superstore/Online/P/i/departments/2016/Pets/1BC.jpg"<br>    ],<br>    "tags": [<br>        {<br>            "id": 1,<br>            "name": "golden-retriever"<br>        }<br>    ],<br>    "status": "available"<br>}</pre>
]]></system-out>
    <system-err><![CDATA[SLF4J: Failed to load class "org.slf4j.impl.StaticLoggerBinder".
SLF4J: Defaulting to no-operation (NOP) logger implementation
SLF4J: See http://www.slf4j.org/codes.html#StaticLoggerBinder for further details.
]]></system-err>
  </testcase>
  <testcase name="verifyNewPet" classname="io.petstore.PetTests" time="1.033">
    <system-out><![CDATA[Request method:	GET
Request URI:	https://petstore.swagger.io/v2/pet/31540
Proxy:			<none>
Request params:	<none>
Query params:	<none>
Form params:	<none>
Path params:	petId=31540
Headers:		Accept=*/*
				Content-Type=application/json
Cookies:		<none>
Multiparts:		<none>
Body:			<none>
]]></system-out>
  </testcase>
  <testcase name="updatePet" classname="io.petstore.PetTests" time="1.055">
    <system-out><![CDATA[Request method:	PUT
Request URI:	https://petstore.swagger.io/v2/pet
Proxy:			<none>
Request params:	<none>
Query params:	<none>
Form params:	<none>
Path params:	<none>
Headers:		Accept=*/*
				Content-Type=application/json
Cookies:		<none>
Multiparts:		<none>
Body:
{
    "id": "31540",
    "category": {
        "id": 1,
        "name": "dogs"
    },
    "name": "New name for my pet",
    "photoUrls": [
        "https://www.tesco.ie/groceries/MarketingContent/Sites/Retail/superstore/Online/P/i/departments/2016/Pets/1BC.jpg"
    ],
    "tags": [
        {
            "id": 1,
            "name": "golden-retriever"
        }
    ],
    "status": "pending"
}
{
    "id": 31540,
    "category": {
        "id": 1,
        "name": "dogs"
    },
    "name": "New name for my pet",
    "photoUrls": [
        "https://www.tesco.ie/groceries/MarketingContent/Sites/Retail/superstore/Online/P/i/departments/2016/Pets/1BC.jpg"
    ],
    "tags": [
        {
            "id": 1,
            "name": "golden-retriever"
        }
    ],
    "status": "pending"
}
---- Request ---
<pre>Request method:	PUT<br>Request URI:	https://petstore.swagger.io/v2/pet<br>Proxy:			<none><br>Request params:	<none><br>Query params:	<none><br>Form params:	<none><br>Path params:	<none><br>Headers:		Accept=*/*<br>				Content-Type=application/json<br>Cookies:		<none><br>Multiparts:		<none><br>Body:<br>{<br>    "id": "31540",<br>    "category": {<br>        "id": 1,<br>        "name": "dogs"<br>    },<br>    "name": "New name for my pet",<br>    "photoUrls": [<br>        "https://www.tesco.ie/groceries/MarketingContent/Sites/Retail/superstore/Online/P/i/departments/2016/Pets/1BC.jpg"<br>    ],<br>    "tags": [<br>        {<br>            "id": 1,<br>            "name": "golden-retriever"<br>        }<br>    ],<br>    "status": "pending"<br>}<br></pre>
---- Response ---
<pre>{<br>    "id": 31540,<br>    "category": {<br>        "id": 1,<br>        "name": "dogs"<br>    },<br>    "name": "New name for my pet",<br>    "photoUrls": [<br>        "https://www.tesco.ie/groceries/MarketingContent/Sites/Retail/superstore/Online/P/i/departments/2016/Pets/1BC.jpg"<br>    ],<br>    "tags": [<br>        {<br>            "id": 1,<br>            "name": "golden-retriever"<br>        }<br>    ],<br>    "status": "pending"<br>}</pre>
]]></system-out>
  </testcase>
  <testcase name="verifyUpdatedPet" classname="io.petstore.PetTests" time="1.002">
    <system-out><![CDATA[Request method:	GET
Request URI:	https://petstore.swagger.io/v2/pet/31540
Proxy:			<none>
Request params:	<none>
Query params:	<none>
Form params:	<none>
Path params:	petId=31540
Headers:		Accept=*/*
				Content-Type=application/json
Cookies:		<none>
Multiparts:		<none>
Body:			<none>
]]></system-out>
  </testcase>
  <testcase name="getPetByStatus" classname="io.petstore.PetTests" time="1.475">
    <system-out><![CDATA[Request method:	GET
Request URI:	https://petstore.swagger.io/v2/pet/findByStatus?status=sold
Proxy:			<none>
Request params:	<none>
Query params:	status=sold
Form params:	<none>
Path params:	<none>
Headers:		Accept=*/*
				Content-Type=application/json
Cookies:		<none>
Multiparts:		<none>
Body:			<none>
HTTP/1.1 200 OK
Date: Sat, 21 Oct 2023 13:33:00 GMT
Content-Type: application/json
Transfer-Encoding: chunked
Connection: keep-alive
Access-Control-Allow-Origin: *
Access-Control-Allow-Methods: GET, POST, DELETE, PUT
Access-Control-Allow-Headers: Content-Type, api_key, Authorization
Server: Jetty(9.2.9.v20150224)

[
    {
        "id": 89714,
        "category": {
            "id": 0,
            "name": "dog"
        },
        "name": "Doguinho",
        "photoUrls": [
            "string"
        ],
        "tags": [
            {
                "id": 0,
                "name": "string"
            }
        ],
        "status": "sold"
    },
    {
        "id": 67556,
        "category": {
            "id": 0,
            "name": "dog"
        },
        "name": "Doguinho",
        "photoUrls": [
            "string"
        ],
        "tags": [
            {
                "id": 0,
                "name": "string"
            }
        ],
        "status": "sold"
    },
    {
        "id": 65579,
        "category": {
            "id": 0,
            "name": "dog"
        },
        "name": "Doguinho",
        "photoUrls": [
            "string"
        ],
        "tags": [
            {
                "id": 0,
                "name": "string"
            }
        ],
        "status": "sold"
    },
    {
        "id": 21168,
        "category": {
            "id": 0,
            "name": "dog"
        },
        "name": "Doguinho",
        "photoUrls": [
            "string"
        ],
        "tags": [
            {
                "id": 0,
                "name": "string"
            }
        ],
        "status": "sold"
    },
    {
        "id": 93911,
        "category": {
            "id": 0,
            "name": "dog"
        },
        "name": "Doguinho",
        "photoUrls": [
            "string"
        ],
        "tags": [
            {
                "id": 0,
                "name": "string"
            }
        ],
        "status": "sold"
    },
    {
        "id": 92161,
        "category": {
            "id": 0,
            "name": "dog"
        },
        "name": "Doguinho",
        "photoUrls": [
            "string"
        ],
        "tags": [
            {
                "id": 0,
                "name": "string"
            }
        ],
        "status": "sold"
    },
    {
        "id": 20123,
        "category": {
            "id": 0,
            "name": "dog"
        },
        "name": "Doguinho",
        "photoUrls": [
            "string"
        ],
        "tags": [
            {
                "id": 0,
                "name": "string"
            }
        ],
        "status": "sold"
    },
    {
        "id": 50758,
        "category": {
            "id": 0,
            "name": "dog"
        },
        "name": "Doguinho",
        "photoUrls": [
            "string"
        ],
        "tags": [
            {
                "id": 0,
                "name": "string"
            }
        ],
        "status": "sold"
    }
]
Number of pets with status available: 8
]]></system-out>
  </testcase>
  <testcase name="deletePet" classname="io.petstore.PetTests" time="1.808">
    <system-out><![CDATA[Request method:	DELETE
Request URI:	https://petstore.swagger.io/v2/pet/31540
Proxy:			<none>
Request params:	<none>
Query params:	<none>
Form params:	<none>
Path params:	petId=31540
Headers:		Accept=*/*
				Content-Type=application/json
Cookies:		<none>
Multiparts:		<none>
Body:			<none>
HTTP/1.1 200 OK
Date: Sat, 21 Oct 2023 13:33:02 GMT
Content-Type: application/json
Transfer-Encoding: chunked
Connection: keep-alive
Access-Control-Allow-Origin: *
Access-Control-Allow-Methods: GET, POST, DELETE, PUT
Access-Control-Allow-Headers: Content-Type, api_key, Authorization
Server: Jetty(9.2.9.v20150224)

{
    "code": 200,
    "type": "unknown",
    "message": "31540"
}
]]></system-out>
  </testcase>
  <testcase name="verifyPetDeleted" classname="io.petstore.PetTests" time="1.038">
    <system-out><![CDATA[Request method:	GET
Request URI:	https://petstore.swagger.io/v2/pet/31540
Proxy:			<none>
Request params:	<none>
Query params:	<none>
Form params:	<none>
Path params:	petId=31540
Headers:		Accept=*/*
				Content-Type=application/json
Cookies:		<none>
Multiparts:		<none>
Body:			<none>
HTTP/1.1 404 Not Found
Date: Sat, 21 Oct 2023 13:33:04 GMT
Content-Type: application/json
Transfer-Encoding: chunked
Connection: keep-alive
Access-Control-Allow-Origin: *
Access-Control-Allow-Methods: GET, POST, DELETE, PUT
Access-Control-Allow-Headers: Content-Type, api_key, Authorization
Server: Jetty(9.2.9.v20150224)

{
    "code": 1,
    "type": "error",
    "message": "Pet not found"
}
]]></system-out>
  </testcase>
</testsuite>