<?xml version="1.0" encoding="UTF-8"?>
<!-- Generated by org.testng.reporters.JUnitReportReporter -->
<testsuite hostname="v313autodev3015" failures="0" tests="7" name="io.petstore.PetTests" time="10.551" errors="0" timestamp="2023-10-21T23:33:04 AEST" skipped="0">
  <testcase classname="io.petstore.PetTests" name="addNewPet" time="3.106"/>
  <testcase classname="io.petstore.PetTests" name="verifyNewPet" time="1.067"/>
  <testcase classname="io.petstore.PetTests" name="updatePet" time="1.033"/>
  <testcase classname="io.petstore.PetTests" name="verifyUpdatedPet" time="1.028"/>
  <testcase classname="io.petstore.PetTests" name="getPetByStatus" time="1.467"/>
  <testcase classname="io.petstore.PetTests" name="deletePet" time="1.816"/>
  <testcase classname="io.petstore.PetTests" name="verifyPetDeleted" time="1.034"/>
</testsuite> <!-- io.petstore.PetTests -->
